D:\PROJECTCY\SYTOOL_NEW\SYPRINTTOOL\SYPRINTTOOL\RELEASE\ZBRAPRINTER.OBJ
D:\PROJECTCY\SYTOOL_NEW\SYPRINTTOOL\SYPRINTTOOL\RELEASE\UKEY.OBJ
D:\PROJECTCY\SYTOOL_NEW\SYPRINTTOOL\SYPRINTTOOL\RELEASE\TSCPRINTER.OBJ
D:\PROJECTCY\SYTOOL_NEW\SYPRINTTOOL\SYPRINTTOOL\RELEASE\SYPRINTTOOL.OBJ
D:\PROJECTCY\SYTOOL_NEW\SYPRINTTOOL\SYPRINTTOOL\RELEASE\STDAFX.OBJ
D:\PROJECTCY\SYTOOL_NEW\SYPRINTTOOL\SYPRINTTOOL\RELEASE\SOCKET.OBJ
D:\PROJECTCY\SYTOOL_NEW\SYPRINTTOOL\SYPRINTTOOL\RELEASE\READER_D3.OBJ
D:\PROJECTCY\SYTOOL_NEW\SYPRINTTOOL\SYPRINTTOOL\RELEASE\READER_CMRF801U.OBJ
D:\PROJECTCY\SYTOOL_NEW\SYPRINTTOOL\SYPRINTTOOL\RELEASE\PSKPRINTER.OBJ
D:\PROJECTCY\SYTOOL_NEW\SYPRINTTOOL\SYPRINTTOOL\RELEASE\METHOD.OBJ
D:\PROJECTCY\SYTOOL_NEW\SYPRINTTOOL\SYPRINTTOOL\RELEASE\FUNCS.OBJ
D:\PROJECTCY\SYTOOL_NEW\SYPRINTTOOL\SYPRINTTOOL\RELEASE\VC110.PDB
D:\PROJECTCY\SYTOOL_NEW\SYPRINTTOOL\SYPRINTTOOL\RELEASE\SQLITE3.OBJ
D:\PROJECTCY\SYTOOL_NEW\SYPRINTTOOL\SYPRINTTOOL\RELEASE\PNG.OBJ
D:\PROJECTCY\SYTOOL_NEW\SYPRINTTOOL\RELEASE\SYPRINTTOOL.EXE
D:\PROJECTCY\SYTOOL_NEW\SYPRINTTOOL\RELEASE\SYPRINTTOOL.PDB
D:\projectCy\SyTool_new\SyPrintTool\SyPrintTool\Release\Funcs.obj
D:\projectCy\SyTool_new\SyPrintTool\SyPrintTool\Release\method.obj
D:\projectCy\SyTool_new\SyPrintTool\SyPrintTool\Release\png.obj
D:\projectCy\SyTool_new\SyPrintTool\SyPrintTool\Release\PskPrinter.obj
D:\projectCy\SyTool_new\SyPrintTool\SyPrintTool\Release\Reader_Cmrf801u.obj
D:\projectCy\SyTool_new\SyPrintTool\SyPrintTool\Release\Reader_D3.obj
D:\projectCy\SyTool_new\SyPrintTool\SyPrintTool\Release\Socket.obj
D:\projectCy\SyTool_new\SyPrintTool\SyPrintTool\Release\sqlite3.obj
D:\projectCy\SyTool_new\SyPrintTool\SyPrintTool\Release\stdafx.obj
D:\projectCy\SyTool_new\SyPrintTool\SyPrintTool\Release\SyprintTool.obj
D:\projectCy\SyTool_new\SyPrintTool\SyPrintTool\Release\TscPrinter.obj
D:\projectCy\SyTool_new\SyPrintTool\SyPrintTool\Release\Ukey.obj
D:\projectCy\SyTool_new\SyPrintTool\SyPrintTool\Release\ZbraPrinter.obj
D:\projectCy\SyTool_new\SyPrintTool\SyPrintTool\Release\cl.command.1.tlog
D:\projectCy\SyTool_new\SyPrintTool\SyPrintTool\Release\CL.read.1.tlog
D:\projectCy\SyTool_new\SyPrintTool\SyPrintTool\Release\CL.write.1.tlog
D:\projectCy\SyTool_new\SyPrintTool\SyPrintTool\Release\link-cvtres.read.1.tlog
D:\projectCy\SyTool_new\SyPrintTool\SyPrintTool\Release\link-cvtres.write.1.tlog
D:\projectCy\SyTool_new\SyPrintTool\SyPrintTool\Release\link-rc.read.1.tlog
D:\projectCy\SyTool_new\SyPrintTool\SyPrintTool\Release\link-rc.write.1.tlog
D:\projectCy\SyTool_new\SyPrintTool\SyPrintTool\Release\link.command.1.tlog
D:\projectCy\SyTool_new\SyPrintTool\SyPrintTool\Release\link.read.1.tlog
D:\projectCy\SyTool_new\SyPrintTool\SyPrintTool\Release\link.write.1.tlog
D:\projectCy\SyTool_new\SyPrintTool\SyPrintTool\Release\vc110.pdb
D:\projectCy\SyTool_new\SyPrintTool\Release\SyPrintTool.pdb
