E:\C++\SYTOOL_NEW\SYPRINTTOOL\SYPRINTTOOL\X64\RELEASE\ZBRAPRINTER.OBJ
E:\C++\SYTOOL_NEW\SYPRINTTOOL\SYPRINTTOOL\X64\RELEASE\UKEY.OBJ
E:\C++\SYTOOL_NEW\SYPRINTTOOL\SYPRINTTOOL\X64\RELEASE\TSCPRINTER.OBJ
E:\C++\SYTOOL_NEW\SYPRINTTOOL\SYPRINTTOOL\X64\RELEASE\SYPRINTTOOL.OBJ
E:\C++\SYTOOL_NEW\SYPRINTTOOL\SYPRINTTOOL\X64\RELEASE\STDAFX.OBJ
E:\C++\SYTOOL_NEW\SYPRINTTOOL\SYPRINTTOOL\X64\RELEASE\SOCKET.OBJ
E:\C++\SYTOOL_NEW\SYPRINTTOOL\SYPRINTTOOL\X64\RELEASE\READER_D3.OBJ
E:\C++\SYTOOL_NEW\SYPRINTTOOL\SYPRINTTOOL\X64\RELEASE\READER_CMRF801U.OBJ
E:\C++\SYTOOL_NEW\SYPRINTTOOL\SYPRINTTOOL\X64\RELEASE\PSKPRINTER.OBJ
E:\C++\SYTOOL_NEW\SYPRINTTOOL\SYPRINTTOOL\X64\RELEASE\METHOD.OBJ
E:\C++\SYTOOL_NEW\SYPRINTTOOL\SYPRINTTOOL\X64\RELEASE\FUNCS.OBJ
E:\C++\SYTOOL_NEW\SYPRINTTOOL\SYPRINTTOOL\X64\RELEASE\VC110.PDB
E:\C++\SYTOOL_NEW\SYPRINTTOOL\SYPRINTTOOL\X64\RELEASE\SQLITE3.OBJ
E:\C++\SYTOOL_NEW\SYPRINTTOOL\SYPRINTTOOL\X64\RELEASE\PNG.OBJ
E:\C++\SYTOOL_NEW\SYPRINTTOOL\X64\RELEASE\SYPRINTTOOL.EXE
E:\C++\SYTOOL_NEW\SYPRINTTOOL\X64\RELEASE\SYPRINTTOOL.PDB
E:\c++\SyTool_new\SyPrintTool\SyPrintTool\x64\Release\Funcs.obj
E:\c++\SyTool_new\SyPrintTool\SyPrintTool\x64\Release\method.obj
E:\c++\SyTool_new\SyPrintTool\SyPrintTool\x64\Release\png.obj
E:\c++\SyTool_new\SyPrintTool\SyPrintTool\x64\Release\PskPrinter.obj
E:\c++\SyTool_new\SyPrintTool\SyPrintTool\x64\Release\Reader_Cmrf801u.obj
E:\c++\SyTool_new\SyPrintTool\SyPrintTool\x64\Release\Reader_D3.obj
E:\c++\SyTool_new\SyPrintTool\SyPrintTool\x64\Release\Socket.obj
E:\c++\SyTool_new\SyPrintTool\SyPrintTool\x64\Release\sqlite3.obj
E:\c++\SyTool_new\SyPrintTool\SyPrintTool\x64\Release\stdafx.obj
E:\c++\SyTool_new\SyPrintTool\SyPrintTool\x64\Release\SyprintTool.obj
E:\c++\SyTool_new\SyPrintTool\SyPrintTool\x64\Release\TscPrinter.obj
E:\c++\SyTool_new\SyPrintTool\SyPrintTool\x64\Release\Ukey.obj
E:\c++\SyTool_new\SyPrintTool\SyPrintTool\x64\Release\ZbraPrinter.obj
E:\c++\SyTool_new\SyPrintTool\SyPrintTool\x64\Release\cl.command.1.tlog
E:\c++\SyTool_new\SyPrintTool\SyPrintTool\x64\Release\CL.read.1.tlog
E:\c++\SyTool_new\SyPrintTool\SyPrintTool\x64\Release\CL.write.1.tlog
E:\c++\SyTool_new\SyPrintTool\SyPrintTool\x64\Release\link-cvtres.read.1.tlog
E:\c++\SyTool_new\SyPrintTool\SyPrintTool\x64\Release\link-cvtres.write.1.tlog
E:\c++\SyTool_new\SyPrintTool\SyPrintTool\x64\Release\link-rc.read.1.tlog
E:\c++\SyTool_new\SyPrintTool\SyPrintTool\x64\Release\link-rc.write.1.tlog
E:\c++\SyTool_new\SyPrintTool\SyPrintTool\x64\Release\link.command.1.tlog
E:\c++\SyTool_new\SyPrintTool\SyPrintTool\x64\Release\link.read.1.tlog
E:\c++\SyTool_new\SyPrintTool\SyPrintTool\x64\Release\link.write.1.tlog
E:\c++\SyTool_new\SyPrintTool\SyPrintTool\x64\Release\vc110.pdb
E:\c++\SyTool_new\SyPrintTool\x64\Release\SyPrintTool.pdb
E:\c++\SyTool_new\SyPrintTool\x64\Release\SyPrintTool.exe
