Build started 2016/4/7 14:23:36.
     1>Project "E:\c++\SyTool_new\SyPrintTool\SyPrintTool\SyPrintTool.vcxproj" on node 2 (Build target(s)).
     1>ClCompile:
         C:\Program Files (x86)\Microsoft Visual Studio 11.0\VC\bin\CL.exe /c /ZI /nologo /W3 /WX- /Od /Oy- /D WIN32 /D _DEBUG /D _CONSOLE /D _MBCS /Gm /EHsc /RTC1 /MDd /GS /fp:precise /Zc:wchar_t /Zc:forScope /Fo"Debug\\" /Fd"Debug\vc110.pdb" /Gd /TP /analyze- /errorReport:prompt SyprintTool.cpp
         SyprintTool.cpp
     1>e:\c++\sytool_new\syprinttool\syprinttool\syprinttool.cpp(240): warning C4018: '<' : signed/unsigned mismatch
       Link:
         C:\Program Files (x86)\Microsoft Visual Studio 11.0\VC\bin\link.exe /ERRORREPORT:PROMPT /OUT:"E:\c++\SyTool_new\SyPrintTool\Debug\SyPrintTool.exe" /INCREMENTAL /NOLOGO /LIBPATH:"E:\c++\SyTool - new\SyPrintTool\SyPrintTool" kernel32.lib user32.lib gdi32.lib winspool.lib comdlg32.lib advapi32.lib shell32.lib ole32.lib oleaut32.lib uuid.lib odbc32.lib odbccp32.lib /MANIFEST /MANIFESTUAC:"level='asInvoker' uiAccess='false'" /manifest:embed /DEBUG /PDB:"E:\c++\SyTool_new\SyPrintTool\Debug\SyPrintTool.pdb" /SUBSYSTEM:CONSOLE /TLBID:1 /DYNAMICBASE /NXCOMPAT /IMPLIB:"E:\c++\SyTool_new\SyPrintTool\Debug\SyPrintTool.lib" /MACHINE:X86 Debug\Funcs.obj
         Debug\method.obj
         Debug\png.obj
         Debug\PskPrinter.obj
         Debug\Reader_Cmrf801u.obj
         Debug\Reader_D3.obj
         Debug\Socket.obj
         Debug\sqlite3.obj
         Debug\stdafx.obj
         Debug\SyprintTool.obj
         Debug\TscPrinter.obj
         Debug\Ukey.obj
         Debug\ZbraPrinter.obj
         SyPrintTool.vcxproj -> E:\c++\SyTool_new\SyPrintTool\Debug\SyPrintTool.exe
     1>Done Building Project "E:\c++\SyTool_new\SyPrintTool\SyPrintTool\SyPrintTool.vcxproj" (Build target(s)).

Build succeeded.

Time Elapsed 00:00:01.94
