E:\C++\SYTOOL_NEW\SYPRINTTOOL\SYPRINTTOOL\DEBUG\FUNCS.OBJ
E:\C++\SYTOOL_NEW\SYPRINTTOOL\SYPRINTTOOL\DEBUG\METHOD.OBJ
E:\C++\SYTOOL_NEW\SYPRINTTOOL\SYPRINTTOOL\DEBUG\PSKPRINTER.OBJ
E:\C++\SYTOOL_NEW\SYPRINTTOOL\SYPRINTTOOL\DEBUG\READER_CMRF801U.OBJ
E:\C++\SYTOOL_NEW\SYPRINTTOOL\SYPRINTTOOL\DEBUG\READER_D3.OBJ
E:\C++\SYTOOL_NEW\SYPRINTTOOL\SYPRINTTOOL\DEBUG\SOCKET.OBJ
E:\C++\SYTOOL_NEW\SYPRINTTOOL\SYPRINTTOOL\DEBUG\STDAFX.OBJ
E:\C++\SYTOOL_NEW\SYPRINTTOOL\SYPRINTTOOL\DEBUG\SYPRINTTOOL.OBJ
E:\C++\SYTOOL_NEW\SYPRINTTOOL\SYPRINTTOOL\DEBUG\TSCPRINTER.OBJ
E:\C++\SYTOOL_NEW\SYPRINTTOOL\SYPRINTTOOL\DEBUG\UKEY.OBJ
E:\C++\SYTOOL_NEW\SYPRINTTOOL\SYPRINTTOOL\DEBUG\ZBRAPRINTER.OBJ
E:\C++\SYTOOL_NEW\SYPRINTTOOL\SYPRINTTOOL\DEBUG\VC110.PDB
E:\C++\SYTOOL_NEW\SYPRINTTOOL\SYPRINTTOOL\DEBUG\PNG.OBJ
E:\C++\SYTOOL_NEW\SYPRINTTOOL\SYPRINTTOOL\DEBUG\SQLITE3.OBJ
E:\C++\SYTOOL_NEW\SYPRINTTOOL\DEBUG\SYPRINTTOOL.ILK
E:\C++\SYTOOL_NEW\SYPRINTTOOL\DEBUG\SYPRINTTOOL.EXE
E:\C++\SYTOOL_NEW\SYPRINTTOOL\DEBUG\SYPRINTTOOL.PDB
E:\c++\SyTool_new\SyPrintTool\SyPrintTool\Debug\Funcs.obj
E:\c++\SyTool_new\SyPrintTool\SyPrintTool\Debug\method.obj
E:\c++\SyTool_new\SyPrintTool\SyPrintTool\Debug\png.obj
E:\c++\SyTool_new\SyPrintTool\SyPrintTool\Debug\PskPrinter.obj
E:\c++\SyTool_new\SyPrintTool\SyPrintTool\Debug\Reader_Cmrf801u.obj
E:\c++\SyTool_new\SyPrintTool\SyPrintTool\Debug\Reader_D3.obj
E:\c++\SyTool_new\SyPrintTool\SyPrintTool\Debug\Socket.obj
E:\c++\SyTool_new\SyPrintTool\SyPrintTool\Debug\sqlite3.obj
E:\c++\SyTool_new\SyPrintTool\SyPrintTool\Debug\stdafx.obj
E:\c++\SyTool_new\SyPrintTool\SyPrintTool\Debug\SyprintTool.obj
E:\c++\SyTool_new\SyPrintTool\SyPrintTool\Debug\TscPrinter.obj
E:\c++\SyTool_new\SyPrintTool\SyPrintTool\Debug\Ukey.obj
E:\c++\SyTool_new\SyPrintTool\SyPrintTool\Debug\ZbraPrinter.obj
E:\c++\SyTool_new\SyPrintTool\SyPrintTool\Debug\cl.command.1.tlog
E:\c++\SyTool_new\SyPrintTool\SyPrintTool\Debug\CL.read.1.tlog
E:\c++\SyTool_new\SyPrintTool\SyPrintTool\Debug\CL.write.1.tlog
E:\c++\SyTool_new\SyPrintTool\SyPrintTool\Debug\link-cvtres.read.1.tlog
E:\c++\SyTool_new\SyPrintTool\SyPrintTool\Debug\link-cvtres.write.1.tlog
E:\c++\SyTool_new\SyPrintTool\SyPrintTool\Debug\link-rc.read.1.tlog
E:\c++\SyTool_new\SyPrintTool\SyPrintTool\Debug\link-rc.write.1.tlog
E:\c++\SyTool_new\SyPrintTool\SyPrintTool\Debug\link.command.1.tlog
E:\c++\SyTool_new\SyPrintTool\SyPrintTool\Debug\link.read.1.tlog
E:\c++\SyTool_new\SyPrintTool\SyPrintTool\Debug\link.write.1.tlog
E:\c++\SyTool_new\SyPrintTool\SyPrintTool\Debug\vc110.idb
E:\c++\SyTool_new\SyPrintTool\SyPrintTool\Debug\vc110.pdb
E:\c++\SyTool_new\SyPrintTool\Debug\SyPrintTool.pdb
E:\c++\SyTool_new\SyPrintTool\Debug\SyPrintTool.exe
E:\c++\SyTool_new\SyPrintTool\Debug\SyPrintTool.ilk
