E:\C++\SYTOOL_NEW\SYPRINTTOOL\SYPRINTTOOL\X64\DEBUG\FUNCS.OBJ
E:\C++\SYTOOL_NEW\SYPRINTTOOL\SYPRINTTOOL\X64\DEBUG\METHOD.OBJ
E:\C++\SYTOOL_NEW\SYPRINTTOOL\SYPRINTTOOL\X64\DEBUG\PSKPRINTER.OBJ
E:\C++\SYTOOL_NEW\SYPRINTTOOL\SYPRINTTOOL\X64\DEBUG\READER_CMRF801U.OBJ
E:\C++\SYTOOL_NEW\SYPRINTTOOL\SYPRINTTOOL\X64\DEBUG\READER_D3.OBJ
E:\C++\SYTOOL_NEW\SYPRINTTOOL\SYPRINTTOOL\X64\DEBUG\SOCKET.OBJ
E:\C++\SYTOOL_NEW\SYPRINTTOOL\SYPRINTTOOL\X64\DEBUG\STDAFX.OBJ
E:\C++\SYTOOL_NEW\SYPRINTTOOL\SYPRINTTOOL\X64\DEBUG\SYPRINTTOOL.OBJ
E:\C++\SYTOOL_NEW\SYPRINTTOOL\SYPRINTTOOL\X64\DEBUG\TSCPRINTER.OBJ
E:\C++\SYTOOL_NEW\SYPRINTTOOL\SYPRINTTOOL\X64\DEBUG\UKEY.OBJ
E:\C++\SYTOOL_NEW\SYPRINTTOOL\SYPRINTTOOL\X64\DEBUG\ZBRAPRINTER.OBJ
E:\C++\SYTOOL_NEW\SYPRINTTOOL\SYPRINTTOOL\X64\DEBUG\VC110.PDB
E:\C++\SYTOOL_NEW\SYPRINTTOOL\SYPRINTTOOL\X64\DEBUG\PNG.OBJ
E:\C++\SYTOOL_NEW\SYPRINTTOOL\SYPRINTTOOL\X64\DEBUG\SQLITE3.OBJ
E:\C++\SYTOOL_NEW\SYPRINTTOOL\X64\DEBUG\SYPRINTTOOL.ILK
E:\C++\SYTOOL_NEW\SYPRINTTOOL\X64\DEBUG\SYPRINTTOOL.EXE
E:\C++\SYTOOL_NEW\SYPRINTTOOL\X64\DEBUG\SYPRINTTOOL.PDB
E:\c++\SyTool_new\SyPrintTool\SyPrintTool\x64\Debug\Funcs.obj
E:\c++\SyTool_new\SyPrintTool\SyPrintTool\x64\Debug\method.obj
E:\c++\SyTool_new\SyPrintTool\SyPrintTool\x64\Debug\png.obj
E:\c++\SyTool_new\SyPrintTool\SyPrintTool\x64\Debug\PskPrinter.obj
E:\c++\SyTool_new\SyPrintTool\SyPrintTool\x64\Debug\Reader_Cmrf801u.obj
E:\c++\SyTool_new\SyPrintTool\SyPrintTool\x64\Debug\Reader_D3.obj
E:\c++\SyTool_new\SyPrintTool\SyPrintTool\x64\Debug\Socket.obj
E:\c++\SyTool_new\SyPrintTool\SyPrintTool\x64\Debug\sqlite3.obj
E:\c++\SyTool_new\SyPrintTool\SyPrintTool\x64\Debug\stdafx.obj
E:\c++\SyTool_new\SyPrintTool\SyPrintTool\x64\Debug\SyprintTool.obj
E:\c++\SyTool_new\SyPrintTool\SyPrintTool\x64\Debug\TscPrinter.obj
E:\c++\SyTool_new\SyPrintTool\SyPrintTool\x64\Debug\Ukey.obj
E:\c++\SyTool_new\SyPrintTool\SyPrintTool\x64\Debug\ZbraPrinter.obj
E:\c++\SyTool_new\SyPrintTool\SyPrintTool\x64\Debug\cl.command.1.tlog
E:\c++\SyTool_new\SyPrintTool\SyPrintTool\x64\Debug\CL.read.1.tlog
E:\c++\SyTool_new\SyPrintTool\SyPrintTool\x64\Debug\CL.write.1.tlog
E:\c++\SyTool_new\SyPrintTool\SyPrintTool\x64\Debug\link-cvtres.read.1.tlog
E:\c++\SyTool_new\SyPrintTool\SyPrintTool\x64\Debug\link-cvtres.write.1.tlog
E:\c++\SyTool_new\SyPrintTool\SyPrintTool\x64\Debug\link-rc.read.1.tlog
E:\c++\SyTool_new\SyPrintTool\SyPrintTool\x64\Debug\link-rc.write.1.tlog
E:\c++\SyTool_new\SyPrintTool\SyPrintTool\x64\Debug\link.command.1.tlog
E:\c++\SyTool_new\SyPrintTool\SyPrintTool\x64\Debug\link.read.1.tlog
E:\c++\SyTool_new\SyPrintTool\SyPrintTool\x64\Debug\link.write.1.tlog
E:\c++\SyTool_new\SyPrintTool\SyPrintTool\x64\Debug\vc110.idb
E:\c++\SyTool_new\SyPrintTool\SyPrintTool\x64\Debug\vc110.pdb
E:\c++\SyTool_new\SyPrintTool\x64\Debug\SyPrintTool.pdb
E:\c++\SyTool_new\SyPrintTool\x64\Debug\SyPrintTool.exe
E:\c++\SyTool_new\SyPrintTool\x64\Debug\SyPrintTool.ilk
